[debug] [2022-02-22T00:43:39.030Z] ----------------------------------------------------------------------
[debug] [2022-02-22T00:43:39.032Z] Command:       /home/holyrod/.nvm/versions/node/v14.18.1/bin/node /home/holyrod/.nvm/versions/node/v14.18.1/bin/firebase init hosting
[debug] [2022-02-22T00:43:39.033Z] CLI Version:   10.2.1
[debug] [2022-02-22T00:43:39.033Z] Platform:      linux
[debug] [2022-02-22T00:43:39.033Z] Node Version:  v14.18.1
[debug] [2022-02-22T00:43:39.034Z] Time:          Mon Feb 21 2022 18:43:39 GMT-0600 (Central Standard Time)
[debug] [2022-02-22T00:43:39.034Z] ----------------------------------------------------------------------
[debug] 
[debug] [2022-02-22T00:43:39.041Z] > command requires scopes: ["email","openid","https://www.googleapis.com/auth/cloudplatformprojects.readonly","https://www.googleapis.com/auth/firebase","https://www.googleapis.com/auth/cloud-platform"]
[debug] [2022-02-22T00:43:39.041Z] > authorizing via signed-in user (giozurc@gmail.com)
[info] 
     ######## #### ########  ######## ########     ###     ######  ########
     ##        ##  ##     ## ##       ##     ##  ##   ##  ##       ##
     ######    ##  ########  ######   ########  #########  ######  ######
     ##        ##  ##    ##  ##       ##     ## ##     ##       ## ##
     ##       #### ##     ## ######## ########  ##     ##  ######  ########

You're about to initialize a Firebase project in this directory:

  /home/holyrod/Prototype/mindfullspace

[info] 
=== Project Setup
[info] 
[info] First, let's associate this project directory with a Firebase project.
[info] You can create multiple project aliases by running firebase use --add, 
[info] but for now we'll just set up a default project.
[info] 
[debug] [2022-02-22T00:44:21.408Z] >>> [apiv2][query] GET https://firebase.googleapis.com/v1beta1/projects pageSize=100
[debug] [2022-02-22T00:44:21.692Z] <<< [apiv2][status] GET https://firebase.googleapis.com/v1beta1/projects 200
[debug] [2022-02-22T00:44:21.692Z] <<< [apiv2][body] GET https://firebase.googleapis.com/v1beta1/projects [omitted]
[info] i  Using project mindfullspace-22 (mindfullspace-22) 
[info] 
=== Hosting Setup
[info] 
[info] Your public directory is the folder (relative to your project directory) that
[info] will contain Hosting assets to be uploaded with firebase deploy. If you
[info] have a build process for your assets, use your build's output directory.
[info] 
[debug] [2022-02-22T00:45:12.116Z] >>> [apiv2][query] GET https://www.gstatic.com/firebasejs/releases.json [none]
[debug] [2022-02-22T00:45:12.937Z] <<< [apiv2][status] GET https://www.gstatic.com/firebasejs/releases.json 200
[debug] [2022-02-22T00:45:12.938Z] <<< [apiv2][body] GET https://www.gstatic.com/firebasejs/releases.json {"current":{"version":"9.6.7","browserURL":"https://www.gstatic.com/firebasejs/9.6.7/firebase.js","packageURL":"https://www.gstatic.com/firebasejs/9.6.7/firebase.tgz"},"live":{"version":"9.6","browserURL":"https://www.gstatic.com/firebasejs/live/9.6/firebase.js","packageURL":"https://www.gstatic.com/firebasejs/live/9.6/firebase.tgz"},"components":{"analytics":"https://www.gstatic.com/firebasejs/9.6.7/firebase-analytics.js","app":"https://www.gstatic.com/firebasejs/9.6.7/firebase-app.js","app-check":"https://www.gstatic.com/firebasejs/9.6.7/firebase-app-check.js","auth":"https://www.gstatic.com/firebasejs/9.6.7/firebase-auth.js","auth/cordova":"https://www.gstatic.com/firebasejs/9.6.7/firebase-auth/cordova.js","auth/react-native":"https://www.gstatic.com/firebasejs/9.6.7/firebase-auth/react-native.js","functions":"https://www.gstatic.com/firebasejs/9.6.7/firebase-functions.js","firestore":"https://www.gstatic.com/firebasejs/9.6.7/firebase-firestore.js","firestore/lite":"https://www.gstatic.com/firebasejs/9.6.7/firebase-firestore/lite.js","storage":"https://www.gstatic.com/firebasejs/9.6.7/firebase-storage.js","performance":"https://www.gstatic.com/firebasejs/9.6.7/firebase-performance.js","remote-config":"https://www.gstatic.com/firebasejs/9.6.7/firebase-remote-config.js","messaging":"https://www.gstatic.com/firebasejs/9.6.7/firebase-messaging.js","messaging/sw":"https://www.gstatic.com/firebasejs/9.6.7/firebase-messaging/sw.js","database":"https://www.gstatic.com/firebasejs/9.6.7/firebase-database.js","firestore.memory":"https://www.gstatic.com/firebasejs/9.6.7/firebase-firestore.memory.js"}}
[info] ✔  Wrote public/index.html 
[info] 
[info] i  Detected a .git folder at /home/holyrod/Prototype/mindfullspace 
[info] i  Authorizing with GitHub to upload your service account to a GitHub repository's secrets store. 
[info] 
[info] Visit this URL on this device to log in:
[info] https://github.com/login/oauth/authorize?client_id=89cf50f02ac6aaed3484&state=130834003&redirect_uri=http%3A%2F%2Flocalhost%3A9005&scope=read%3Auser%20repo%20public_repo
[info] 
[info] Waiting for authentication...
[debug] [2022-02-22T00:45:33.938Z] >>> HTTP REQUEST POST https://github.com/login/oauth/access_token  
 {"client_id":"89cf50f02ac6aaed3484","client_secret":"3330d14abc895d9a74d5f17cd7a00711fa2c5bf0","code":"e25df7cabaa1de64d3b7","redirect_uri":"http://localhost:9005","state":"130834003"}
[debug] [2022-02-22T00:45:34.714Z] <<< HTTP RESPONSE 200 {"server":"GitHub.com","date":"Tue, 22 Feb 2022 00:45:35 GMT","content-type":"application/json; charset=utf-8","transfer-encoding":"chunked","vary":"X-PJAX, X-PJAX-Container, Accept-Encoding, Accept, X-Requested-With","permissions-policy":"interest-cohort=()","etag":"W/\"7fe5f0060953e6d74fe8739cf4258047\"","cache-control":"max-age=0, private, must-revalidate","strict-transport-security":"max-age=31536000; includeSubdomains; preload","x-frame-options":"deny","x-content-type-options":"nosniff","x-xss-protection":"0","referrer-policy":"origin-when-cross-origin, strict-origin-when-cross-origin","expect-ct":"max-age=2592000, report-uri=\"https://api.github.com/_private/browser/errors\"","content-security-policy":"default-src 'none'; base-uri 'self'; block-all-mixed-content; child-src github.com/assets-cdn/worker/ gist.github.com/assets-cdn/worker/; connect-src 'self' uploads.github.com objects-origin.githubusercontent.com www.githubstatus.com collector.githubapp.com collector.github.com api.github.com github-cloud.s3.amazonaws.com github-production-repository-file-5c1aeb.s3.amazonaws.com github-production-upload-manifest-file-7fdce7.s3.amazonaws.com github-production-user-asset-6210df.s3.amazonaws.com cdn.optimizely.com logx.optimizely.com/v1/events translator.github.com wss://alive.github.com; font-src github.githubassets.com; form-action 'self' github.com gist.github.com objects-origin.githubusercontent.com; frame-ancestors 'none'; frame-src render.githubusercontent.com viewscreen.githubusercontent.com notebooks.githubusercontent.com; img-src 'self' data: github.githubassets.com identicons.github.com collector.githubapp.com collector.github.com github-cloud.s3.amazonaws.com secured-user-images.githubusercontent.com/ *.githubusercontent.com; manifest-src 'self'; media-src github.com user-images.githubusercontent.com/; script-src github.githubassets.com; style-src 'unsafe-inline' github.githubassets.com; worker-src github.com/assets-cdn/worker/ gist.github.com/assets-cdn/worker/","x-github-request-id":"1193:0414:41FEA0:6F066A:6214322E"}
[debug] [2022-02-22T00:45:34.748Z] >>> [apiv2][query] GET https://api.github.com/user [none]
[debug] [2022-02-22T00:45:35.066Z] <<< [apiv2][status] GET https://api.github.com/user 200
[debug] [2022-02-22T00:45:35.066Z] <<< [apiv2][body] GET https://api.github.com/user {"login":"HolyRod26","id":84465544,"node_id":"MDQ6VXNlcjg0NDY1NTQ0","avatar_url":"https://avatars.githubusercontent.com/u/84465544?v=4","gravatar_id":"","url":"https://api.github.com/users/HolyRod26","html_url":"https://github.com/HolyRod26","followers_url":"https://api.github.com/users/HolyRod26/followers","following_url":"https://api.github.com/users/HolyRod26/following{/other_user}","gists_url":"https://api.github.com/users/HolyRod26/gists{/gist_id}","starred_url":"https://api.github.com/users/HolyRod26/starred{/owner}{/repo}","subscriptions_url":"https://api.github.com/users/HolyRod26/subscriptions","organizations_url":"https://api.github.com/users/HolyRod26/orgs","repos_url":"https://api.github.com/users/HolyRod26/repos","events_url":"https://api.github.com/users/HolyRod26/events{/privacy}","received_events_url":"https://api.github.com/users/HolyRod26/received_events","type":"User","site_admin":false,"name":null,"company":null,"blog":"","location":null,"email":null,"hireable":null,"bio":null,"twitter_username":null,"public_repos":15,"public_gists":0,"followers":0,"following":1,"created_at":"2021-05-19T16:08:58Z","updated_at":"2022-01-31T15:37:17Z","private_gists":0,"total_private_repos":1,"owned_private_repos":1,"disk_usage":92910,"collaborators":0,"two_factor_authentication":false,"plan":{"name":"free","space":976562499,"collaborators":0,"private_repos":10000}}
[info] 
[info] ✔  Success! Logged into GitHub as HolyRod26 
[info] 
